2012-12-12 16:29:05,174 ERROR [org.apache.activemq.ActiveMQMessageConsumer.dispatch(ActiveMQMessageConsumer.java:1325)] - ID:hplcchina-HP-xw8600-Workstation-52003-1355300944986-1:1:1:1 Exception while processing message: ID:GUOMENG4-61761-1355299451603-1:1:1:1:127
java.lang.RuntimeException: javax.jms.JMSException: Failed to build body from content. Serializable class not available to broker. Reason: java.lang.ClassNotFoundException: com.hp.hpl.logkv.ui.ResourceStatusRequest
	at com.hp.hpl.logkv.demo.jms.JMSListenerTest$1.onMessage(JMSListenerTest.java:39)
	at org.apache.activemq.ActiveMQMessageConsumer.dispatch(ActiveMQMessageConsumer.java:1321)
	at org.apache.activemq.ActiveMQSessionExecutor.dispatch(ActiveMQSessionExecutor.java:131)
	at org.apache.activemq.ActiveMQSessionExecutor.iterate(ActiveMQSessionExecutor.java:202)
	at org.apache.activemq.thread.PooledTaskRunner.runTask(PooledTaskRunner.java:129)
	at org.apache.activemq.thread.PooledTaskRunner$1.run(PooledTaskRunner.java:47)
	at java.util.concurrent.ThreadPoolExecutor.runWorker(ThreadPoolExecutor.java:1110)
	at java.util.concurrent.ThreadPoolExecutor$Worker.run(ThreadPoolExecutor.java:603)
	at java.lang.Thread.run(Thread.java:679)
Caused by: javax.jms.JMSException: Failed to build body from content. Serializable class not available to broker. Reason: java.lang.ClassNotFoundException: com.hp.hpl.logkv.ui.ResourceStatusRequest
	at org.apache.activemq.util.JMSExceptionSupport.create(JMSExceptionSupport.java:35)
	at org.apache.activemq.command.ActiveMQObjectMessage.getObject(ActiveMQObjectMessage.java:187)
	at com.hp.hpl.logkv.demo.jms.JMSListenerTest$1.onMessage(JMSListenerTest.java:34)
	... 8 more
Caused by: java.lang.ClassNotFoundException: com.hp.hpl.logkv.ui.ResourceStatusRequest
	at java.net.URLClassLoader$1.run(URLClassLoader.java:217)
	at java.security.AccessController.doPrivileged(Native Method)
	at java.net.URLClassLoader.findClass(URLClassLoader.java:205)
	at java.lang.ClassLoader.loadClass(ClassLoader.java:321)
	at sun.misc.Launcher$AppClassLoader.loadClass(Launcher.java:294)
	at java.lang.ClassLoader.loadClass(ClassLoader.java:266)
	at java.lang.Class.forName0(Native Method)
	at java.lang.Class.forName(Class.java:264)
	at org.apache.activemq.util.ClassLoadingAwareObjectInputStream.load(ClassLoadingAwareObjectInputStream.java:87)
	at org.apache.activemq.util.ClassLoadingAwareObjectInputStream.resolveClass(ClassLoadingAwareObjectInputStream.java:46)
	at java.io.ObjectInputStream.readNonProxyDesc(ObjectInputStream.java:1592)
	at java.io.ObjectInputStream.readClassDesc(ObjectInputStream.java:1513)
	at java.io.ObjectInputStream.readOrdinaryObject(ObjectInputStream.java:1749)
	at java.io.ObjectInputStream.readObject0(ObjectInputStream.java:1346)
	at java.io.ObjectInputStream.readObject(ObjectInputStream.java:368)
	at org.apache.activemq.command.ActiveMQObjectMessage.getObject(ActiveMQObjectMessage.java:185)
	... 9 more
2012-12-12 16:29:06,201 ERROR [org.apache.activemq.ActiveMQMessageConsumer.dispatch(ActiveMQMessageConsumer.java:1325)] - ID:hplcchina-HP-xw8600-Workstation-52003-1355300944986-1:1:1:1 Exception while processing message: ID:GUOMENG4-61761-1355299451603-1:1:1:1:127
java.lang.RuntimeException: javax.jms.JMSException: Failed to build body from content. Serializable class not available to broker. Reason: java.lang.ClassNotFoundException: com.hp.hpl.logkv.ui.ResourceStatusRequest
	at com.hp.hpl.logkv.demo.jms.JMSListenerTest$1.onMessage(JMSListenerTest.java:39)
	at org.apache.activemq.ActiveMQMessageConsumer.dispatch(ActiveMQMessageConsumer.java:1321)
	at org.apache.activemq.ActiveMQMessageConsumer.iterate(ActiveMQMessageConsumer.java:1460)
	at org.apache.activemq.ActiveMQSessionExecutor.iterate(ActiveMQSessionExecutor.java:191)
	at org.apache.activemq.thread.PooledTaskRunner.runTask(PooledTaskRunner.java:129)
	at org.apache.activemq.thread.PooledTaskRunner$1.run(PooledTaskRunner.java:47)
	at java.util.concurrent.ThreadPoolExecutor.runWorker(ThreadPoolExecutor.java:1110)
	at java.util.concurrent.ThreadPoolExecutor$Worker.run(ThreadPoolExecutor.java:603)
	at java.lang.Thread.run(Thread.java:679)
Caused by: javax.jms.JMSException: Failed to build body from content. Serializable class not available to broker. Reason: java.lang.ClassNotFoundException: com.hp.hpl.logkv.ui.ResourceStatusRequest
	at org.apache.activemq.util.JMSExceptionSupport.create(JMSExceptionSupport.java:35)
	at org.apache.activemq.command.ActiveMQObjectMessage.getObject(ActiveMQObjectMessage.java:187)
	at com.hp.hpl.logkv.demo.jms.JMSListenerTest$1.onMessage(JMSListenerTest.java:34)
	... 8 more
Caused by: java.lang.ClassNotFoundException: com.hp.hpl.logkv.ui.ResourceStatusRequest
	at java.net.URLClassLoader$1.run(URLClassLoader.java:217)
	at java.security.AccessController.doPrivileged(Native Method)
	at java.net.URLClassLoader.findClass(URLClassLoader.java:205)
	at java.lang.ClassLoader.loadClass(ClassLoader.java:321)
	at sun.misc.Launcher$AppClassLoader.loadClass(Launcher.java:294)
	at java.lang.ClassLoader.loadClass(ClassLoader.java:266)
	at java.lang.Class.forName0(Native Method)
	at java.lang.Class.forName(Class.java:264)
	at org.apache.activemq.util.ClassLoadingAwareObjectInputStream.load(ClassLoadingAwareObjectInputStream.java:87)
	at org.apache.activemq.util.ClassLoadingAwareObjectInputStream.resolveClass(ClassLoadingAwareObjectInputStream.java:46)
	at java.io.ObjectInputStream.readNonProxyDesc(ObjectInputStream.java:1592)
	at java.io.ObjectInputStream.readClassDesc(ObjectInputStream.java:1513)
	at java.io.ObjectInputStream.readOrdinaryObject(ObjectInputStream.java:1749)
	at java.io.ObjectInputStream.readObject0(ObjectInputStream.java:1346)
	at java.io.ObjectInputStream.readObject(ObjectInputStream.java:368)
	at org.apache.activemq.command.ActiveMQObjectMessage.getObject(ActiveMQObjectMessage.java:185)
	... 9 more
2012-12-12 16:29:07,207 ERROR [org.apache.activemq.ActiveMQMessageConsumer.dispatch(ActiveMQMessageConsumer.java:1325)] - ID:hplcchina-HP-xw8600-Workstation-52003-1355300944986-1:1:1:1 Exception while processing message: ID:GUOMENG4-61761-1355299451603-1:1:1:1:127
java.lang.RuntimeException: javax.jms.JMSException: Failed to build body from content. Serializable class not available to broker. Reason: java.lang.ClassNotFoundException: com.hp.hpl.logkv.ui.ResourceStatusRequest
	at com.hp.hpl.logkv.demo.jms.JMSListenerTest$1.onMessage(JMSListenerTest.java:39)
	at org.apache.activemq.ActiveMQMessageConsumer.dispatch(ActiveMQMessageConsumer.java:1321)
	at org.apache.activemq.ActiveMQMessageConsumer.iterate(ActiveMQMessageConsumer.java:1460)
	at org.apache.activemq.ActiveMQSessionExecutor.iterate(ActiveMQSessionExecutor.java:191)
	at org.apache.activemq.thread.PooledTaskRunner.runTask(PooledTaskRunner.java:129)
	at org.apache.activemq.thread.PooledTaskRunner$1.run(PooledTaskRunner.java:47)
	at java.util.concurrent.ThreadPoolExecutor.runWorker(ThreadPoolExecutor.java:1110)
	at java.util.concurrent.ThreadPoolExecutor$Worker.run(ThreadPoolExecutor.java:603)
	at java.lang.Thread.run(Thread.java:679)
Caused by: javax.jms.JMSException: Failed to build body from content. Serializable class not available to broker. Reason: java.lang.ClassNotFoundException: com.hp.hpl.logkv.ui.ResourceStatusRequest
	at org.apache.activemq.util.JMSExceptionSupport.create(JMSExceptionSupport.java:35)
	at org.apache.activemq.command.ActiveMQObjectMessage.getObject(ActiveMQObjectMessage.java:187)
	at com.hp.hpl.logkv.demo.jms.JMSListenerTest$1.onMessage(JMSListenerTest.java:34)
	... 8 more
Caused by: java.lang.ClassNotFoundException: com.hp.hpl.logkv.ui.ResourceStatusRequest
	at java.net.URLClassLoader$1.run(URLClassLoader.java:217)
	at java.security.AccessController.doPrivileged(Native Method)
	at java.net.URLClassLoader.findClass(URLClassLoader.java:205)
	at java.lang.ClassLoader.loadClass(ClassLoader.java:321)
	at sun.misc.Launcher$AppClassLoader.loadClass(Launcher.java:294)
	at java.lang.ClassLoader.loadClass(ClassLoader.java:266)
	at java.lang.Class.forName0(Native Method)
	at java.lang.Class.forName(Class.java:264)
	at org.apache.activemq.util.ClassLoadingAwareObjectInputStream.load(ClassLoadingAwareObjectInputStream.java:87)
	at org.apache.activemq.util.ClassLoadingAwareObjectInputStream.resolveClass(ClassLoadingAwareObjectInputStream.java:46)
	at java.io.ObjectInputStream.readNonProxyDesc(ObjectInputStream.java:1592)
	at java.io.ObjectInputStream.readClassDesc(ObjectInputStream.java:1513)
	at java.io.ObjectInputStream.readOrdinaryObject(ObjectInputStream.java:1749)
	at java.io.ObjectInputStream.readObject0(ObjectInputStream.java:1346)
	at java.io.ObjectInputStream.readObject(ObjectInputStream.java:368)
	at org.apache.activemq.command.ActiveMQObjectMessage.getObject(ActiveMQObjectMessage.java:185)
	... 9 more
2012-12-12 16:29:08,210 ERROR [org.apache.activemq.ActiveMQMessageConsumer.dispatch(ActiveMQMessageConsumer.java:1325)] - ID:hplcchina-HP-xw8600-Workstation-52003-1355300944986-1:1:1:1 Exception while processing message: ID:GUOMENG4-61761-1355299451603-1:1:1:1:127
java.lang.RuntimeException: javax.jms.JMSException: Failed to build body from content. Serializable class not available to broker. Reason: java.lang.ClassNotFoundException: com.hp.hpl.logkv.ui.ResourceStatusRequest
	at com.hp.hpl.logkv.demo.jms.JMSListenerTest$1.onMessage(JMSListenerTest.java:39)
	at org.apache.activemq.ActiveMQMessageConsumer.dispatch(ActiveMQMessageConsumer.java:1321)
	at org.apache.activemq.ActiveMQMessageConsumer.iterate(ActiveMQMessageConsumer.java:1460)
	at org.apache.activemq.ActiveMQSessionExecutor.iterate(ActiveMQSessionExecutor.java:191)
	at org.apache.activemq.thread.PooledTaskRunner.runTask(PooledTaskRunner.java:129)
	at org.apache.activemq.thread.PooledTaskRunner$1.run(PooledTaskRunner.java:47)
	at java.util.concurrent.ThreadPoolExecutor.runWorker(ThreadPoolExecutor.java:1110)
	at java.util.concurrent.ThreadPoolExecutor$Worker.run(ThreadPoolExecutor.java:603)
	at java.lang.Thread.run(Thread.java:679)
Caused by: javax.jms.JMSException: Failed to build body from content. Serializable class not available to broker. Reason: java.lang.ClassNotFoundException: com.hp.hpl.logkv.ui.ResourceStatusRequest
	at org.apache.activemq.util.JMSExceptionSupport.create(JMSExceptionSupport.java:35)
	at org.apache.activemq.command.ActiveMQObjectMessage.getObject(ActiveMQObjectMessage.java:187)
	at com.hp.hpl.logkv.demo.jms.JMSListenerTest$1.onMessage(JMSListenerTest.java:34)
	... 8 more
Caused by: java.lang.ClassNotFoundException: com.hp.hpl.logkv.ui.ResourceStatusRequest
	at java.net.URLClassLoader$1.run(URLClassLoader.java:217)
	at java.security.AccessController.doPrivileged(Native Method)
	at java.net.URLClassLoader.findClass(URLClassLoader.java:205)
	at java.lang.ClassLoader.loadClass(ClassLoader.java:321)
	at sun.misc.Launcher$AppClassLoader.loadClass(Launcher.java:294)
	at java.lang.ClassLoader.loadClass(ClassLoader.java:266)
	at java.lang.Class.forName0(Native Method)
	at java.lang.Class.forName(Class.java:264)
	at org.apache.activemq.util.ClassLoadingAwareObjectInputStream.load(ClassLoadingAwareObjectInputStream.java:87)
	at org.apache.activemq.util.ClassLoadingAwareObjectInputStream.resolveClass(ClassLoadingAwareObjectInputStream.java:46)
	at java.io.ObjectInputStream.readNonProxyDesc(ObjectInputStream.java:1592)
	at java.io.ObjectInputStream.readClassDesc(ObjectInputStream.java:1513)
	at java.io.ObjectInputStream.readOrdinaryObject(ObjectInputStream.java:1749)
	at java.io.ObjectInputStream.readObject0(ObjectInputStream.java:1346)
	at java.io.ObjectInputStream.readObject(ObjectInputStream.java:368)
	at org.apache.activemq.command.ActiveMQObjectMessage.getObject(ActiveMQObjectMessage.java:185)
	... 9 more
2012-12-12 16:29:09,213 ERROR [org.apache.activemq.ActiveMQMessageConsumer.dispatch(ActiveMQMessageConsumer.java:1325)] - ID:hplcchina-HP-xw8600-Workstation-52003-1355300944986-1:1:1:1 Exception while processing message: ID:GUOMENG4-61761-1355299451603-1:1:1:1:127
java.lang.RuntimeException: javax.jms.JMSException: Failed to build body from content. Serializable class not available to broker. Reason: java.lang.ClassNotFoundException: com.hp.hpl.logkv.ui.ResourceStatusRequest
	at com.hp.hpl.logkv.demo.jms.JMSListenerTest$1.onMessage(JMSListenerTest.java:39)
	at org.apache.activemq.ActiveMQMessageConsumer.dispatch(ActiveMQMessageConsumer.java:1321)
	at org.apache.activemq.ActiveMQMessageConsumer.iterate(ActiveMQMessageConsumer.java:1460)
	at org.apache.activemq.ActiveMQSessionExecutor.iterate(ActiveMQSessionExecutor.java:191)
	at org.apache.activemq.thread.PooledTaskRunner.runTask(PooledTaskRunner.java:129)
	at org.apache.activemq.thread.PooledTaskRunner$1.run(PooledTaskRunner.java:47)
	at java.util.concurrent.ThreadPoolExecutor.runWorker(ThreadPoolExecutor.java:1110)
	at java.util.concurrent.ThreadPoolExecutor$Worker.run(ThreadPoolExecutor.java:603)
	at java.lang.Thread.run(Thread.java:679)
Caused by: javax.jms.JMSException: Failed to build body from content. Serializable class not available to broker. Reason: java.lang.ClassNotFoundException: com.hp.hpl.logkv.ui.ResourceStatusRequest
	at org.apache.activemq.util.JMSExceptionSupport.create(JMSExceptionSupport.java:35)
	at org.apache.activemq.command.ActiveMQObjectMessage.getObject(ActiveMQObjectMessage.java:187)
	at com.hp.hpl.logkv.demo.jms.JMSListenerTest$1.onMessage(JMSListenerTest.java:34)
	... 8 more
Caused by: java.lang.ClassNotFoundException: com.hp.hpl.logkv.ui.ResourceStatusRequest
	at java.net.URLClassLoader$1.run(URLClassLoader.java:217)
	at java.security.AccessController.doPrivileged(Native Method)
	at java.net.URLClassLoader.findClass(URLClassLoader.java:205)
	at java.lang.ClassLoader.loadClass(ClassLoader.java:321)
	at sun.misc.Launcher$AppClassLoader.loadClass(Launcher.java:294)
	at java.lang.ClassLoader.loadClass(ClassLoader.java:266)
	at java.lang.Class.forName0(Native Method)
	at java.lang.Class.forName(Class.java:264)
	at org.apache.activemq.util.ClassLoadingAwareObjectInputStream.load(ClassLoadingAwareObjectInputStream.java:87)
	at org.apache.activemq.util.ClassLoadingAwareObjectInputStream.resolveClass(ClassLoadingAwareObjectInputStream.java:46)
	at java.io.ObjectInputStream.readNonProxyDesc(ObjectInputStream.java:1592)
	at java.io.ObjectInputStream.readClassDesc(ObjectInputStream.java:1513)
	at java.io.ObjectInputStream.readOrdinaryObject(ObjectInputStream.java:1749)
	at java.io.ObjectInputStream.readObject0(ObjectInputStream.java:1346)
	at java.io.ObjectInputStream.readObject(ObjectInputStream.java:368)
	at org.apache.activemq.command.ActiveMQObjectMessage.getObject(ActiveMQObjectMessage.java:185)
	... 9 more
2012-12-12 16:29:10,215 ERROR [org.apache.activemq.ActiveMQMessageConsumer.dispatch(ActiveMQMessageConsumer.java:1325)] - ID:hplcchina-HP-xw8600-Workstation-52003-1355300944986-1:1:1:1 Exception while processing message: ID:GUOMENG4-61761-1355299451603-1:1:1:1:127
java.lang.RuntimeException: javax.jms.JMSException: Failed to build body from content. Serializable class not available to broker. Reason: java.lang.ClassNotFoundException: com.hp.hpl.logkv.ui.ResourceStatusRequest
	at com.hp.hpl.logkv.demo.jms.JMSListenerTest$1.onMessage(JMSListenerTest.java:39)
	at org.apache.activemq.ActiveMQMessageConsumer.dispatch(ActiveMQMessageConsumer.java:1321)
	at org.apache.activemq.ActiveMQMessageConsumer.iterate(ActiveMQMessageConsumer.java:1460)
	at org.apache.activemq.ActiveMQSessionExecutor.iterate(ActiveMQSessionExecutor.java:191)
	at org.apache.activemq.thread.PooledTaskRunner.runTask(PooledTaskRunner.java:129)
	at org.apache.activemq.thread.PooledTaskRunner$1.run(PooledTaskRunner.java:47)
	at java.util.concurrent.ThreadPoolExecutor.runWorker(ThreadPoolExecutor.java:1110)
	at java.util.concurrent.ThreadPoolExecutor$Worker.run(ThreadPoolExecutor.java:603)
	at java.lang.Thread.run(Thread.java:679)
Caused by: javax.jms.JMSException: Failed to build body from content. Serializable class not available to broker. Reason: java.lang.ClassNotFoundException: com.hp.hpl.logkv.ui.ResourceStatusRequest
	at org.apache.activemq.util.JMSExceptionSupport.create(JMSExceptionSupport.java:35)
	at org.apache.activemq.command.ActiveMQObjectMessage.getObject(ActiveMQObjectMessage.java:187)
	at com.hp.hpl.logkv.demo.jms.JMSListenerTest$1.onMessage(JMSListenerTest.java:34)
	... 8 more
Caused by: java.lang.ClassNotFoundException: com.hp.hpl.logkv.ui.ResourceStatusRequest
	at java.net.URLClassLoader$1.run(URLClassLoader.java:217)
	at java.security.AccessController.doPrivileged(Native Method)
	at java.net.URLClassLoader.findClass(URLClassLoader.java:205)
	at java.lang.ClassLoader.loadClass(ClassLoader.java:321)
	at sun.misc.Launcher$AppClassLoader.loadClass(Launcher.java:294)
	at java.lang.ClassLoader.loadClass(ClassLoader.java:266)
	at java.lang.Class.forName0(Native Method)
	at java.lang.Class.forName(Class.java:264)
	at org.apache.activemq.util.ClassLoadingAwareObjectInputStream.load(ClassLoadingAwareObjectInputStream.java:87)
	at org.apache.activemq.util.ClassLoadingAwareObjectInputStream.resolveClass(ClassLoadingAwareObjectInputStream.java:46)
	at java.io.ObjectInputStream.readNonProxyDesc(ObjectInputStream.java:1592)
	at java.io.ObjectInputStream.readClassDesc(ObjectInputStream.java:1513)
	at java.io.ObjectInputStream.readOrdinaryObject(ObjectInputStream.java:1749)
	at java.io.ObjectInputStream.readObject0(ObjectInputStream.java:1346)
	at java.io.ObjectInputStream.readObject(ObjectInputStream.java:368)
	at org.apache.activemq.command.ActiveMQObjectMessage.getObject(ActiveMQObjectMessage.java:185)
	... 9 more
2012-12-12 16:29:11,218 ERROR [org.apache.activemq.ActiveMQMessageConsumer.dispatch(ActiveMQMessageConsumer.java:1325)] - ID:hplcchina-HP-xw8600-Workstation-52003-1355300944986-1:1:1:1 Exception while processing message: ID:GUOMENG4-61761-1355299451603-1:1:1:1:127
java.lang.RuntimeException: javax.jms.JMSException: Failed to build body from content. Serializable class not available to broker. Reason: java.lang.ClassNotFoundException: com.hp.hpl.logkv.ui.ResourceStatusRequest
	at com.hp.hpl.logkv.demo.jms.JMSListenerTest$1.onMessage(JMSListenerTest.java:39)
	at org.apache.activemq.ActiveMQMessageConsumer.dispatch(ActiveMQMessageConsumer.java:1321)
	at org.apache.activemq.ActiveMQMessageConsumer.iterate(ActiveMQMessageConsumer.java:1460)
	at org.apache.activemq.ActiveMQSessionExecutor.iterate(ActiveMQSessionExecutor.java:191)
	at org.apache.activemq.thread.PooledTaskRunner.runTask(PooledTaskRunner.java:129)
	at org.apache.activemq.thread.PooledTaskRunner$1.run(PooledTaskRunner.java:47)
	at java.util.concurrent.ThreadPoolExecutor.runWorker(ThreadPoolExecutor.java:1110)
	at java.util.concurrent.ThreadPoolExecutor$Worker.run(ThreadPoolExecutor.java:603)
	at java.lang.Thread.run(Thread.java:679)
Caused by: javax.jms.JMSException: Failed to build body from content. Serializable class not available to broker. Reason: java.lang.ClassNotFoundException: com.hp.hpl.logkv.ui.ResourceStatusRequest
	at org.apache.activemq.util.JMSExceptionSupport.create(JMSExceptionSupport.java:35)
	at org.apache.activemq.command.ActiveMQObjectMessage.getObject(ActiveMQObjectMessage.java:187)
	at com.hp.hpl.logkv.demo.jms.JMSListenerTest$1.onMessage(JMSListenerTest.java:34)
	... 8 more
Caused by: java.lang.ClassNotFoundException: com.hp.hpl.logkv.ui.ResourceStatusRequest
	at java.net.URLClassLoader$1.run(URLClassLoader.java:217)
	at java.security.AccessController.doPrivileged(Native Method)
	at java.net.URLClassLoader.findClass(URLClassLoader.java:205)
	at java.lang.ClassLoader.loadClass(ClassLoader.java:321)
	at sun.misc.Launcher$AppClassLoader.loadClass(Launcher.java:294)
	at java.lang.ClassLoader.loadClass(ClassLoader.java:266)
	at java.lang.Class.forName0(Native Method)
	at java.lang.Class.forName(Class.java:264)
	at org.apache.activemq.util.ClassLoadingAwareObjectInputStream.load(ClassLoadingAwareObjectInputStream.java:87)
	at org.apache.activemq.util.ClassLoadingAwareObjectInputStream.resolveClass(ClassLoadingAwareObjectInputStream.java:46)
	at java.io.ObjectInputStream.readNonProxyDesc(ObjectInputStream.java:1592)
	at java.io.ObjectInputStream.readClassDesc(ObjectInputStream.java:1513)
	at java.io.ObjectInputStream.readOrdinaryObject(ObjectInputStream.java:1749)
	at java.io.ObjectInputStream.readObject0(ObjectInputStream.java:1346)
	at java.io.ObjectInputStream.readObject(ObjectInputStream.java:368)
	at org.apache.activemq.command.ActiveMQObjectMessage.getObject(ActiveMQObjectMessage.java:185)
	... 9 more
2012-12-12 16:29:11,221 ERROR [org.apache.activemq.ActiveMQMessageConsumer.dispatch(ActiveMQMessageConsumer.java:1325)] - ID:hplcchina-HP-xw8600-Workstation-52003-1355300944986-1:1:1:1 Exception while processing message: ID:GUOMENG4-61761-1355299451603-1:1:1:1:128
java.lang.RuntimeException: javax.jms.JMSException: Failed to build body from content. Serializable class not available to broker. Reason: java.lang.ClassNotFoundException: com.hp.hpl.logkv.ui.ResourceStatusRequest
	at com.hp.hpl.logkv.demo.jms.JMSListenerTest$1.onMessage(JMSListenerTest.java:39)
	at org.apache.activemq.ActiveMQMessageConsumer.dispatch(ActiveMQMessageConsumer.java:1321)
	at org.apache.activemq.ActiveMQSessionExecutor.dispatch(ActiveMQSessionExecutor.java:131)
	at org.apache.activemq.ActiveMQSessionExecutor.iterate(ActiveMQSessionExecutor.java:202)
	at org.apache.activemq.thread.PooledTaskRunner.runTask(PooledTaskRunner.java:129)
	at org.apache.activemq.thread.PooledTaskRunner$1.run(PooledTaskRunner.java:47)
	at java.util.concurrent.ThreadPoolExecutor.runWorker(ThreadPoolExecutor.java:1110)
	at java.util.concurrent.ThreadPoolExecutor$Worker.run(ThreadPoolExecutor.java:603)
	at java.lang.Thread.run(Thread.java:679)
Caused by: javax.jms.JMSException: Failed to build body from content. Serializable class not available to broker. Reason: java.lang.ClassNotFoundException: com.hp.hpl.logkv.ui.ResourceStatusRequest
	at org.apache.activemq.util.JMSExceptionSupport.create(JMSExceptionSupport.java:35)
	at org.apache.activemq.command.ActiveMQObjectMessage.getObject(ActiveMQObjectMessage.java:187)
	at com.hp.hpl.logkv.demo.jms.JMSListenerTest$1.onMessage(JMSListenerTest.java:34)
	... 8 more
Caused by: java.lang.ClassNotFoundException: com.hp.hpl.logkv.ui.ResourceStatusRequest
	at java.net.URLClassLoader$1.run(URLClassLoader.java:217)
	at java.security.AccessController.doPrivileged(Native Method)
	at java.net.URLClassLoader.findClass(URLClassLoader.java:205)
	at java.lang.ClassLoader.loadClass(ClassLoader.java:321)
	at sun.misc.Launcher$AppClassLoader.loadClass(Launcher.java:294)
	at java.lang.ClassLoader.loadClass(ClassLoader.java:266)
	at java.lang.Class.forName0(Native Method)
	at java.lang.Class.forName(Class.java:264)
	at org.apache.activemq.util.ClassLoadingAwareObjectInputStream.load(ClassLoadingAwareObjectInputStream.java:87)
	at org.apache.activemq.util.ClassLoadingAwareObjectInputStream.resolveClass(ClassLoadingAwareObjectInputStream.java:46)
	at java.io.ObjectInputStream.readNonProxyDesc(ObjectInputStream.java:1592)
	at java.io.ObjectInputStream.readClassDesc(ObjectInputStream.java:1513)
	at java.io.ObjectInputStream.readOrdinaryObject(ObjectInputStream.java:1749)
	at java.io.ObjectInputStream.readObject0(ObjectInputStream.java:1346)
	at java.io.ObjectInputStream.readObject(ObjectInputStream.java:368)
	at org.apache.activemq.command.ActiveMQObjectMessage.getObject(ActiveMQObjectMessage.java:185)
	... 9 more
